2019-04-03 11:06:54.997  INFO 12556 --- [main] com.broada.RayvMongodbApplication        : Starting RayvMongodbApplication on DESKTOP-087JQ4A with PID 12556 (E:\gitreposotpry\repo2\rayv-mongodb\target\classes started by rayv in E:\gitreposotpry\repo2\rayv-mongodb)
2019-04-03 11:06:54.999  INFO 12556 --- [main] com.broada.RayvMongodbApplication        : No active profile set, falling back to default profiles: default
2019-04-03 11:06:55.669  INFO 12556 --- [background-preinit] org.mongodb.driver.cluster               : Cluster created with settings {hosts=[127.0.0.1:27017], mode=SINGLE, requiredClusterType=UNKNOWN, serverSelectionTimeout='30000 ms', maxWaitQueueSize=500}
2019-04-03 11:06:55.700  INFO 12556 --- [background-preinit] org.mongodb.driver.cluster               : Cluster description not yet available. Waiting for 30000 ms before timing out
2019-04-03 11:06:55.704  INFO 12556 --- [cluster-ClusterId{value='5ca4234fed5367310c058199', description='null'}-127.0.0.1:27017] org.mongodb.driver.connection            : Opened connection [connectionId{localValue:1, serverValue:40}] to 127.0.0.1:27017
2019-04-03 11:06:55.707  INFO 12556 --- [cluster-ClusterId{value='5ca4234fed5367310c058199', description='null'}-127.0.0.1:27017] org.mongodb.driver.cluster               : Monitor thread successfully connected to server with description ServerDescription{address=127.0.0.1:27017, type=STANDALONE, state=CONNECTED, ok=true, version=ServerVersion{versionList=[3, 4, 18]}, minWireVersion=0, maxWireVersion=5, maxDocumentSize=16777216, logicalSessionTimeoutMinutes=null, roundTripTimeNanos=863005}
2019-04-03 11:06:55.715  INFO 12556 --- [background-preinit] org.mongodb.driver.connection            : Opened connection [connectionId{localValue:2, serverValue:41}] to 127.0.0.1:27017
2019-04-03 11:06:55.814  INFO 12556 --- [main] .s.d.r.c.RepositoryConfigurationDelegate : Bootstrapping Spring Data repositories in DEFAULT mode.
2019-04-03 11:06:55.876  INFO 12556 --- [main] .s.d.r.c.RepositoryConfigurationDelegate : Finished Spring Data repository scanning in 59ms. Found 1 repository interfaces.
2019-04-03 11:06:56.310  INFO 12556 --- [main] o.s.b.w.embedded.tomcat.TomcatWebServer  : Tomcat initialized with port(s): 8888 (http)
2019-04-03 11:06:56.326  INFO 12556 --- [main] o.apache.catalina.core.StandardService   : Starting service [Tomcat]
2019-04-03 11:06:56.326  INFO 12556 --- [main] org.apache.catalina.core.StandardEngine  : Starting Servlet engine: [Apache Tomcat/9.0.16]
2019-04-03 11:06:56.330  INFO 12556 --- [main] o.a.catalina.core.AprLifecycleListener   : The APR based Apache Tomcat Native library which allows optimal performance in production environments was not found on the java.library.path: [C:\Program Files\develop\Java\jdk1.8.0_101\bin;C:\Windows\Sun\Java\bin;C:\Windows\system32;C:\Windows;C:\Windows\system32;C:\Windows;C:\Windows\System32\Wbem;C:\Windows\System32\WindowsPowerShell\v1.0\;C:\Windows\System32\OpenSSH\;C:\Program Files (x86)\NVIDIA Corporation\PhysX\Common;C:\Program Files\develop\Java\jdk-9.0.4\bin;C:\Program Files\develop\apache-maven-3.5.2\bin;C:\Program Files (x86)\MySQL\MySQL Server 5.5\bin;C:\Program Files\develop\Git\cmd;C:\Program Files\develop\TortoiseGit\bin;C:\ProgramData\Oracle\Java\javapath;D:\develop\VisualSVN Server\bin;D:\develop\TortoiseSVN\bin;C:\Program Files\develop\nodejs\;C:\Program Files\NVIDIA Corporation\NVIDIA NvDLISR;C:\Program Files\Intel\WiFi\bin\;C:\Program Files\Common Files\Intel\WirelessCommon\;C:\Program Files (x86)\Intel\Intel(R) Management Engine Components\DAL;C:\Program Files\Intel\Intel(R) Management Engine Components\DAL;C:\Users\rayv\AppData\Local\Microsoft\WindowsApps;C:\Users\rayv\AppData\Roaming\npm;C:\Users\rayv\AppData\Local\Programs\Microsoft VS Code\bin;.]
2019-04-03 11:06:56.418  INFO 12556 --- [main] o.a.c.c.C.[Tomcat].[localhost].[/]       : Initializing Spring embedded WebApplicationContext
2019-04-03 11:06:56.418  INFO 12556 --- [main] o.s.web.context.ContextLoader            : Root WebApplicationContext: initialization completed in 1378 ms
2019-04-03 11:06:56.479  INFO 12556 --- [main] org.mongodb.driver.cluster               : Cluster created with settings {hosts=[localhost:27017], mode=SINGLE, requiredClusterType=UNKNOWN, serverSelectionTimeout='30000 ms', maxWaitQueueSize=500}
2019-04-03 11:06:56.483  INFO 12556 --- [cluster-ClusterId{value='5ca42350ed5367310c05819b', description='null'}-localhost:27017] org.mongodb.driver.connection            : Opened connection [connectionId{localValue:3, serverValue:42}] to localhost:27017
2019-04-03 11:06:56.484  INFO 12556 --- [cluster-ClusterId{value='5ca42350ed5367310c05819b', description='null'}-localhost:27017] org.mongodb.driver.cluster               : Monitor thread successfully connected to server with description ServerDescription{address=localhost:27017, type=STANDALONE, state=CONNECTED, ok=true, version=ServerVersion{versionList=[3, 4, 18]}, minWireVersion=0, maxWireVersion=5, maxDocumentSize=16777216, logicalSessionTimeoutMinutes=null, roundTripTimeNanos=495502}
2019-04-03 11:06:56.639 DEBUG 12556 --- [main] .m.c.i.MongoPersistentEntityIndexCreator : Analyzing class class com.broada.one.data.domain.ComputerInfo for index information.
2019-04-03 11:06:56.642 DEBUG 12556 --- [main] .m.c.i.MongoPersistentEntityIndexCreator : Analyzing class class com.broada.one.data.domain.Review for index information.
2019-04-03 11:06:56.642 DEBUG 12556 --- [main] .m.c.i.MongoPersistentEntityIndexCreator : Analyzing class class com.broada.one.data.domain.BBSInfo for index information.
2019-04-03 11:06:56.643 DEBUG 12556 --- [main] .m.c.i.MongoPersistentEntityIndexCreator : Analyzing class class com.broada.one.data.domain.EmpInf for index information.
2019-04-03 11:06:56.644 DEBUG 12556 --- [main] .m.c.i.MongoPersistentEntityIndexCreator : Analyzing class class com.broada.one.data.domain.ShopInfo for index information.
2019-04-03 11:06:56.644 DEBUG 12556 --- [main] .m.c.i.MongoPersistentEntityIndexCreator : Analyzing class class com.broada.one.data.domain.SeqInfo for index information.
2019-04-03 11:06:56.644 DEBUG 12556 --- [main] .m.c.i.MongoPersistentEntityIndexCreator : Analyzing class class com.broada.one.data.domain.Shop for index information.
2019-04-03 11:06:56.962  INFO 12556 --- [main] pertySourcedRequestMappingHandlerMapping : Mapped URL path [/v2/api-docs] onto method [public org.springframework.http.ResponseEntity<springfox.documentation.spring.web.json.Json> springfox.documentation.swagger2.web.Swagger2Controller.getDocumentation(java.lang.String,javax.servlet.http.HttpServletRequest)]
2019-04-03 11:06:57.053  INFO 12556 --- [main] o.s.s.concurrent.ThreadPoolTaskExecutor  : Initializing ExecutorService 'applicationTaskExecutor'
2019-04-03 11:06:57.114  INFO 12556 --- [main] o.s.s.c.ThreadPoolTaskScheduler          : Initializing ExecutorService 'taskScheduler'
2019-04-03 11:06:57.139  INFO 12556 --- [main] d.s.w.p.DocumentationPluginsBootstrapper : Context refreshed
2019-04-03 11:06:57.155  INFO 12556 --- [main] d.s.w.p.DocumentationPluginsBootstrapper : Found 1 custom documentation plugin(s)
2019-04-03 11:06:57.180  INFO 12556 --- [main] s.d.s.w.s.ApiListingReferenceScanner     : Scanning for api listing references
2019-04-03 11:06:57.328  INFO 12556 --- [main] o.s.b.w.embedded.tomcat.TomcatWebServer  : Tomcat started on port(s): 8888 (http) with context path ''
2019-04-03 11:06:57.329  INFO 12556 --- [main] com.broada.RayvMongodbApplication        : Started RayvMongodbApplication in 2.695 seconds (JVM running for 3.406)
2019-04-03 11:07:13.413  INFO 12556 --- [http-nio-8888-exec-1] o.a.c.c.C.[Tomcat].[localhost].[/]       : Initializing Spring DispatcherServlet 'dispatcherServlet'
2019-04-03 11:07:13.413  INFO 12556 --- [http-nio-8888-exec-1] o.s.web.servlet.DispatcherServlet        : Initializing Servlet 'dispatcherServlet'
2019-04-03 11:07:13.419  INFO 12556 --- [http-nio-8888-exec-1] o.s.web.servlet.DispatcherServlet        : Completed initialization in 6 ms
2019-04-03 11:07:13.494 DEBUG 12556 --- [http-nio-8888-exec-1] o.s.data.mongodb.core.MongoTemplate      : Executing geoNear using: { "geoNear" : "shop", "query" : { }, "maxDistance" : 1.567855942887398E-4, "distanceMultiplier" : 6378.137, "num" : { "$numberLong" : "10" }, "near" : [114.4114816189, 30.4913537904], "spherical" : true } for class: class com.broada.one.data.domain.Shop in collection: shop
2019-04-03 11:07:13.568  INFO 12556 --- [http-nio-8888-exec-1] org.mongodb.driver.connection            : Opened connection [connectionId{localValue:4, serverValue:43}] to localhost:27017
2019-04-03 11:07:13.570 DEBUG 12556 --- [http-nio-8888-exec-1] o.s.d.m.c.m.e.AbstractMongoEventListener : onAfterLoad(Document{{_id=1, locs=[114.4104194641, 30.4913306776], telephone=87111111, shopName=保利时代海底捞, address=保利时代4楼101号, _class=com.broada.one.data.domain.Shop}})
2019-04-03 11:07:13.581 DEBUG 12556 --- [http-nio-8888-exec-1] o.s.d.m.c.m.e.AbstractMongoEventListener : onAfterConvert(Document{{_id=1, locs=[114.4104194641, 30.4913306776], telephone=87111111, shopName=保利时代海底捞, address=保利时代4楼101号, _class=com.broada.one.data.domain.Shop}}, Shop(id=1, locs=[114.4104194641, 30.4913306776], telephone=87111111, shopName=保利时代海底捞, address=保利时代4楼101号))
2019-04-03 11:07:13.582 DEBUG 12556 --- [http-nio-8888-exec-1] o.s.d.m.c.m.e.AbstractMongoEventListener : onAfterLoad(Document{{_id=6, locs=[114.418195, 30.497232], telephone=88889036, shopName=外婆湾农家菜, address=关山大道金地太阳城xxx号, _class=com.broada.one.data.domain.Shop}})
2019-04-03 11:07:13.582 DEBUG 12556 --- [http-nio-8888-exec-1] o.s.d.m.c.m.e.AbstractMongoEventListener : onAfterConvert(Document{{_id=6, locs=[114.418195, 30.497232], telephone=88889036, shopName=外婆湾农家菜, address=关山大道金地太阳城xxx号, _class=com.broada.one.data.domain.Shop}}, Shop(id=6, locs=[114.418195, 30.497232], telephone=88889036, shopName=外婆湾农家菜, address=关山大道金地太阳城xxx号))
